GROUP,PACKAGE,CLASS,INSTRUCTION_MISSED,INSTRUCTION_COVERED,BRANCH_MISSED,BRANCH_COVERED,LINE_MISSED,LINE_COVERED,COMPLEXITY_MISSED,COMPLEXITY_COVERED,METHOD_MISSED,METHOD_COVERED
acn-taskmanger-upskills,org.devsahamerlin.service.impl,TaskServiceImpl,0,99,0,6,0,24,0,9,0,6
acn-taskmanger-upskills,org.devsahamerlin.controller,TaskController,0,61,0,0,0,15,0,6,0,6
acn-taskmanger-upskills,org.devsahamerlin.exception,GlobalExceptionHandler,0,70,0,2,0,26,0,6,0,5
acn-taskmanger-upskills,org.devsahamerlin.exception,TaskNotFoundException,0,4,0,0,0,2,0,1,0,1
acn-taskmanger-upskills,org.devsahamerlin.enums,Status,0,15,0,0,0,3,0,1,0,1
acn-taskmanger-upskills,org.devsahamerlin,SpringbootApplication,5,56,0,0,2,21,1,5,1,5
